<?xml version="1.0" encoding="UTF-8"?>
<!-- Generated by org.testng.reporters.JUnitXMLReporter -->
<testsuite ignored="0" hostname="DESKTOP-PDCQ0H0" failures="0" tests="4" name="Default test" time="13.846" errors="0" timestamp="2025-02-14T18:16:29 IST">
  <testcase classname="com.qa.oc.tests.LoginPageTest" name="loginPageTitleTest" time="0.235"/>
  <testcase classname="com.qa.oc.tests.LoginPageTest" name="loginPageUrlTest" time="0.065"/>
  <testcase classname="com.qa.oc.tests.LoginPageTest" name="forgotPwdExistTest" time="0.112"/>
  <testcase classname="com.qa.oc.tests.LoginPageTest" name="loginTest" time="1.413"/>
</testsuite> <!-- Default test -->
