<?xml version="1.0" encoding="UTF-8"?>
<testng-results ignored="0" total="4" passed="4" failed="0" skipped="0">
  <reporter-output>
  </reporter-output>
  <suite started-at="2025-02-14T18:16:15 IST" name="Default suite" finished-at="2025-02-14T18:16:29 IST" duration-ms="13846">
    <groups>
    </groups>
    <test started-at="2025-02-14T18:16:15 IST" name="Default test" finished-at="2025-02-14T18:16:29 IST" duration-ms="13846">
      <class name="com.qa.oc.tests.LoginPageTest">
        <test-method is-config="true" signature="setup()[pri:0, instance:com.qa.oc.tests.LoginPageTest@5e4bd84a]" started-at="2025-02-14T18:16:15 IST" name="setup" finished-at="2025-02-14T18:16:25 IST" duration-ms="10295" status="PASS">
          <reporter-output>
          </reporter-output>
        </test-method> <!-- setup -->
        <test-method signature="loginPageTitleTest()[pri:1, instance:com.qa.oc.tests.LoginPageTest@5e4bd84a]" started-at="2025-02-14T18:16:25 IST" name="loginPageTitleTest" finished-at="2025-02-14T18:16:25 IST" duration-ms="235" status="PASS">
          <reporter-output>
          </reporter-output>
        </test-method> <!-- loginPageTitleTest -->
        <test-method signature="loginPageUrlTest()[pri:2, instance:com.qa.oc.tests.LoginPageTest@5e4bd84a]" started-at="2025-02-14T18:16:26 IST" name="loginPageUrlTest" finished-at="2025-02-14T18:16:26 IST" duration-ms="65" status="PASS">
          <reporter-output>
          </reporter-output>
        </test-method> <!-- loginPageUrlTest -->
        <test-method signature="forgotPwdExistTest()[pri:3, instance:com.qa.oc.tests.LoginPageTest@5e4bd84a]" started-at="2025-02-14T18:16:26 IST" name="forgotPwdExistTest" finished-at="2025-02-14T18:16:26 IST" duration-ms="112" status="PASS">
          <reporter-output>
          </reporter-output>
        </test-method> <!-- forgotPwdExistTest -->
        <test-method signature="loginTest()[pri:4, instance:com.qa.oc.tests.LoginPageTest@5e4bd84a]" started-at="2025-02-14T18:16:26 IST" name="loginTest" finished-at="2025-02-14T18:16:27 IST" duration-ms="1413" status="PASS">
          <reporter-output>
          </reporter-output>
        </test-method> <!-- loginTest -->
        <test-method is-config="true" signature="tearDown()[pri:0, instance:com.qa.oc.tests.LoginPageTest@5e4bd84a]" started-at="2025-02-14T18:16:27 IST" name="tearDown" finished-at="2025-02-14T18:16:29 IST" duration-ms="1300" status="PASS">
          <reporter-output>
          </reporter-output>
        </test-method> <!-- tearDown -->
      </class> <!-- com.qa.oc.tests.LoginPageTest -->
    </test> <!-- Default test -->
  </suite> <!-- Default suite -->
</testng-results>
